Debug: File:() Line:(0) "A" (2017-03-26 17:03:42 周日)
Warning: File:() Line:(0) QIODevice::write (QextSerialPort): device not open (2017-03-26 17:03:42 周日)
Warning: File:() Line:(0) QIODevice::write (QextSerialPort): device not open (2017-03-26 17:03:42 周日)
Warning: File:() Line:(0) QIODevice::write (QextSerialPort): device not open (2017-03-26 17:03:42 周日)
Warning: File:() Line:(0) QIODevice::write (QextSerialPort): device not open (2017-03-26 17:03:42 周日)
Debug: File:() Line:(0) receive from RFID  "A70C599999" (2017-03-26 17:03:42 周日)
Debug: File:() Line:(0) "select * from student where id = A70C599999" (2017-03-26 17:03:42 周日)
Debug: File:() Line:(0) receive from RFID  "C28C000001" (2017-03-26 17:03:42 周日)
Debug: File:() Line:(0) "select * from student where id = C28C000001" (2017-03-26 17:03:42 周日)
Debug: File:() Line:(0) "A" (2017-03-26 17:03:43 周日)
Debug: File:() Line:(0) 0 5 (2017-03-26 17:03:43 周日)
Debug: File:() Line:(0) 1 5 (2017-03-26 17:03:43 周日)
Debug: File:() Line:(0) 0 5 (2017-03-26 17:03:43 周日)
Debug: File:() Line:(0) 1 5 (2017-03-26 17:03:43 周日)
Debug: File:() Line:(0) "A" (2017-03-26 17:03:44 周日)
Debug: File:() Line:(0) "A" (2017-03-26 17:03:45 周日)
Debug: File:() Line:(0) "A" (2017-03-26 17:03:46 周日)
Debug: File:() Line:(0) "A" (2017-03-26 17:03:47 周日)
Debug: File:() Line:(0) 0 5 (2017-03-26 17:03:47 周日)
Debug: File:() Line:(0) 1 5 (2017-03-26 17:03:47 周日)
Debug: File:() Line:(0) 0 5 (2017-03-26 17:03:47 周日)
Debug: File:() Line:(0) 1 5 (2017-03-26 17:03:47 周日)
Debug: File:() Line:(0) "A" (2017-03-26 17:03:48 周日)
Debug: File:() Line:(0) "A" (2017-03-26 17:03:49 周日)
Debug: File:() Line:(0) "A" (2017-03-26 17:03:50 周日)
Debug: File:() Line:(0) "A" (2017-03-26 17:03:51 周日)
Debug: File:() Line:(0) "A" (2017-03-26 17:03:52 周日)
Debug: File:() Line:(0) "A" (2017-03-26 17:03:53 周日)
Debug: File:() Line:(0) "A" (2017-03-26 17:03:54 周日)
Debug: File:() Line:(0) "A" (2017-03-26 17:03:55 周日)
Debug: File:() Line:(0) "A" (2017-03-26 17:03:56 周日)
Debug: File:() Line:(0) "A" (2017-03-26 17:03:57 周日)
Debug: File:() Line:(0) "A" (2017-03-26 17:03:58 周日)
Debug: File:() Line:(0) "A" (2017-03-26 17:03:59 周日)
Debug: File:() Line:(0) "A" (2017-03-26 17:04:00 周日)
Debug: File:() Line:(0) "A" (2017-03-26 17:04:01 周日)
Debug: File:() Line:(0) "A" (2017-03-26 17:04:02 周日)
Debug: File:() Line:(0) "A" (2017-03-26 17:04:03 周日)
Debug: File:() Line:(0) "A" (2017-03-26 17:04:04 周日)
Debug: File:() Line:(0) "A" (2017-03-26 17:04:05 周日)
Debug: File:() Line:(0) "A" (2017-03-26 17:04:06 周日)
Debug: File:() Line:(0) "A" (2017-03-26 17:04:07 周日)
Debug: File:() Line:(0) "A" (2017-03-26 17:04:08 周日)
Debug: File:() Line:(0) "A" (2017-03-26 17:04:09 周日)
Debug: File:() Line:(0) "A" (2017-03-26 17:04:10 周日)
Debug: File:() Line:(0) "A" (2017-03-26 17:04:11 周日)
Debug: File:() Line:(0) "A" (2017-03-26 17:04:12 周日)
Debug: File:() Line:(0) "A" (2017-03-26 17:04:13 周日)
Debug: File:() Line:(0) "A" (2017-03-26 17:04:14 周日)
Debug: File:() Line:(0) "A" (2017-03-26 17:04:15 周日)
Debug: File:() Line:(0) "A" (2017-03-26 17:04:16 周日)
Debug: File:() Line:(0) "A" (2017-03-26 17:04:17 周日)
Debug: File:() Line:(0) "A" (2017-03-26 17:04:18 周日)
Debug: File:() Line:(0) "A" (2017-03-26 17:04:19 周日)
Debug: File:() Line:(0) "A" (2017-03-26 17:04:20 周日)
Debug: File:() Line:(0) "A" (2017-03-26 17:04:21 周日)
Debug: File:() Line:(0) "A" (2017-03-26 17:04:22 周日)
Debug: File:() Line:(0) "A" (2017-03-26 17:04:23 周日)
Debug: File:() Line:(0) "A" (2017-03-26 17:04:24 周日)
Debug: File:() Line:(0) "A" (2017-03-26 17:04:25 周日)
Debug: File:() Line:(0) "A" (2017-03-26 17:04:26 周日)
Debug: File:() Line:(0) "A" (2017-03-26 17:04:27 周日)
Debug: File:() Line:(0) "A" (2017-03-26 17:04:28 周日)
Debug: File:() Line:(0) "A" (2017-03-26 17:04:29 周日)
Debug: File:() Line:(0) "A" (2017-03-26 17:04:30 周日)
Debug: File:() Line:(0) "A" (2017-03-26 17:04:31 周日)
Debug: File:() Line:(0) "A" (2017-03-26 17:04:32 周日)
Debug: File:() Line:(0) "A" (2017-03-26 17:04:33 周日)
Debug: File:() Line:(0) "A" (2017-03-26 17:04:34 周日)
Debug: File:() Line:(0) "A" (2017-03-26 17:04:35 周日)
Debug: File:() Line:(0) "A" (2017-03-26 17:04:36 周日)
Debug: File:() Line:(0) "A" (2017-03-26 17:04:37 周日)
Debug: File:() Line:(0) "A" (2017-03-26 17:04:38 周日)
Debug: File:() Line:(0) "A" (2017-03-26 17:04:39 周日)
Debug: File:() Line:(0) "A" (2017-03-26 17:04:40 周日)
Debug: File:() Line:(0) "A" (2017-03-26 17:04:41 周日)
Debug: File:() Line:(0) strHost= "127.0.0.1" (2017-03-26 17:09:10 周日)
Debug: File:() Line:(0) strDbname= "gacdb" (2017-03-26 17:09:10 周日)
Debug: File:() Line:(0) strUsername= "root" (2017-03-26 17:09:10 周日)
Debug: File:() Line:(0) strPasswd= "root" (2017-03-26 17:09:10 周日)
Debug: File:() Line:(0) This is a debug message (2017-03-26 17:09:10 周日)
Debug: File:() Line:(0) Database connection established (2017-03-26 17:09:10 周日)
Warning: File:() Line:(0) QMetaObject::connectSlotsByName: No matching signal for on_testpushButton_clicked() (2017-03-26 17:09:10 周日)
Debug: File:() Line:(0) localip : "192.168.100.102" strCom "com2" baudrate "115200" (2017-03-26 17:09:10 周日)
Debug: File:() Line:(0) strScanjobprogresstimer : "1000" (2017-03-26 17:09:10 周日)
Debug: File:() Line:(0) receive from RFID  "IP" (2017-03-26 17:09:10 周日)
Debug: File:() Line:(0) "select * from student where id = IP" (2017-03-26 17:09:10 周日)
Warning: File:() Line:(0) QIODevice::write (QextSerialPort): device not open (2017-03-26 17:09:21 周日)
Warning: File:() Line:(0) QIODevice::write (QextSerialPort): device not open (2017-03-26 17:09:21 周日)
Debug: File:() Line:(0) "A" (2017-03-26 17:09:28 周日)
Warning: File:() Line:(0) QIODevice::write (QextSerialPort): device not open (2017-03-26 17:09:28 周日)
Warning: File:() Line:(0) QIODevice::write (QextSerialPort): device not open (2017-03-26 17:09:28 周日)
Warning: File:() Line:(0) QIODevice::write (QextSerialPort): device not open (2017-03-26 17:09:28 周日)
Warning: File:() Line:(0) QIODevice::write (QextSerialPort): device not open (2017-03-26 17:09:28 周日)
Debug: File:() Line:(0) receive from RFID  "A70C599999" (2017-03-26 17:09:28 周日)
Debug: File:() Line:(0) "select * from student where id = A70C599999" (2017-03-26 17:09:28 周日)
Debug: File:() Line:(0) receive from RFID  "C28C000001" (2017-03-26 17:09:28 周日)
Debug: File:() Line:(0) "select * from student where id = C28C000001" (2017-03-26 17:09:28 周日)
Debug: File:() Line:(0) "A" (2017-03-26 17:09:28 周日)
Debug: File:() Line:(0) "A" (2017-03-26 17:09:29 周日)
Debug: File:() Line:(0) "A" (2017-03-26 17:09:29 周日)
Debug: File:() Line:(0) "A" (2017-03-26 17:09:29 周日)
Debug: File:() Line:(0) "A" (2017-03-26 17:09:29 周日)
Debug: File:() Line:(0) "A" (2017-03-26 17:09:29 周日)
Debug: File:() Line:(0) "A" (2017-03-26 17:09:30 周日)
Debug: File:() Line:(0) "A" (2017-03-26 17:09:30 周日)
Debug: File:() Line:(0) "A" (2017-03-26 17:09:30 周日)
Debug: File:() Line:(0) 0 5 (2017-03-26 17:09:30 周日)
Debug: File:() Line:(0) 1 5 (2017-03-26 17:09:30 周日)
Debug: File:() Line:(0) "A" (2017-03-26 17:09:30 周日)
Debug: File:() Line:(0) 0 5 (2017-03-26 17:09:30 周日)
Debug: File:() Line:(0) 1 5 (2017-03-26 17:09:30 周日)
Debug: File:() Line:(0) "A" (2017-03-26 17:09:30 周日)
Debug: File:() Line:(0) "A" (2017-03-26 17:09:31 周日)
Debug: File:() Line:(0) "A" (2017-03-26 17:09:31 周日)
Debug: File:() Line:(0) "A" (2017-03-26 17:09:31 周日)
Debug: File:() Line:(0) "A" (2017-03-26 17:09:31 周日)
Debug: File:() Line:(0) "A" (2017-03-26 17:09:31 周日)
Debug: File:() Line:(0) "A" (2017-03-26 17:09:32 周日)
Debug: File:() Line:(0) 0 5 (2017-03-26 17:09:32 周日)
Debug: File:() Line:(0) 1 5 (2017-03-26 17:09:32 周日)
Debug: File:() Line:(0) "A" (2017-03-26 17:09:32 周日)
Debug: File:() Line:(0) "A" (2017-03-26 17:09:32 周日)
Debug: File:() Line:(0) "A" (2017-03-26 17:09:32 周日)
Debug: File:() Line:(0) "A" (2017-03-26 17:09:32 周日)
Debug: File:() Line:(0) "A" (2017-03-26 17:09:33 周日)
Debug: File:() Line:(0) "A" (2017-03-26 17:09:33 周日)
Debug: File:() Line:(0) "A" (2017-03-26 17:09:33 周日)
Debug: File:() Line:(0) "A" (2017-03-26 17:09:33 周日)
Debug: File:() Line:(0) "A" (2017-03-26 17:09:33 周日)
Debug: File:() Line:(0) "A" (2017-03-26 17:09:34 周日)
Debug: File:() Line:(0) "A" (2017-03-26 17:09:34 周日)
Debug: File:() Line:(0) "A" (2017-03-26 17:09:34 周日)
Debug: File:() Line:(0) "A" (2017-03-26 17:09:34 周日)
Debug: File:() Line:(0) "A" (2017-03-26 17:09:34 周日)
Debug: File:() Line:(0) "A" (2017-03-26 17:09:35 周日)
Debug: File:() Line:(0) "A" (2017-03-26 17:09:35 周日)
Debug: File:() Line:(0) "A" (2017-03-26 17:09:35 周日)
Debug: File:() Line:(0) "A" (2017-03-26 17:09:35 周日)
Debug: File:() Line:(0) "A" (2017-03-26 17:09:35 周日)
Debug: File:() Line:(0) "A" (2017-03-26 17:09:36 周日)
Debug: File:() Line:(0) "A" (2017-03-26 17:09:36 周日)
Debug: File:() Line:(0) 0 5 (2017-03-26 17:09:36 周日)
Debug: File:() Line:(0) 1 5 (2017-03-26 17:09:36 周日)
Debug: File:() Line:(0) "A" (2017-03-26 17:09:36 周日)
Debug: File:() Line:(0) "A" (2017-03-26 17:09:36 周日)
Debug: File:() Line:(0) "A" (2017-03-26 17:09:36 周日)
Debug: File:() Line:(0) "A" (2017-03-26 17:09:37 周日)
Debug: File:() Line:(0) "A" (2017-03-26 17:09:37 周日)
Debug: File:() Line:(0) "A" (2017-03-26 17:09:37 周日)
Debug: File:() Line:(0) "A" (2017-03-26 17:09:37 周日)
Debug: File:() Line:(0) "A" (2017-03-26 17:09:37 周日)
Debug: File:() Line:(0) "A" (2017-03-26 17:09:38 周日)
Debug: File:() Line:(0) "A" (2017-03-26 17:09:38 周日)
Debug: File:() Line:(0) "A" (2017-03-26 17:09:38 周日)
Debug: File:() Line:(0) "A" (2017-03-26 17:09:38 周日)
Debug: File:() Line:(0) "A" (2017-03-26 17:09:38 周日)
Debug: File:() Line:(0) "A" (2017-03-26 17:09:39 周日)
Debug: File:() Line:(0) "A" (2017-03-26 17:09:39 周日)
Debug: File:() Line:(0) "A" (2017-03-26 17:09:39 周日)
Debug: File:() Line:(0) "A" (2017-03-26 17:09:39 周日)
Debug: File:() Line:(0) "A" (2017-03-26 17:09:39 周日)
Debug: File:() Line:(0) "A" (2017-03-26 17:09:40 周日)
Debug: File:() Line:(0) "A" (2017-03-26 17:09:40 周日)
Debug: File:() Line:(0) "A" (2017-03-26 17:09:40 周日)
Debug: File:() Line:(0) "A" (2017-03-26 17:09:40 周日)
Debug: File:() Line:(0) "A" (2017-03-26 17:09:40 周日)
Debug: File:() Line:(0) "A" (2017-03-26 17:09:41 周日)
Debug: File:() Line:(0) "A" (2017-03-26 17:09:41 周日)
Debug: File:() Line:(0) "A" (2017-03-26 17:09:41 周日)
Debug: File:() Line:(0) "A" (2017-03-26 17:09:41 周日)
Debug: File:() Line:(0) "A" (2017-03-26 17:09:41 周日)
Debug: File:() Line:(0) "A" (2017-03-26 17:09:42 周日)
Debug: File:() Line:(0) "A" (2017-03-26 17:09:42 周日)
Debug: File:() Line:(0) "A" (2017-03-26 17:09:42 周日)
Debug: File:() Line:(0) "A" (2017-03-26 17:09:42 周日)
Debug: File:() Line:(0) "A" (2017-03-26 17:09:42 周日)
Debug: File:() Line:(0) "A" (2017-03-26 17:09:43 周日)
Debug: File:() Line:(0) "A" (2017-03-26 17:09:43 周日)
Debug: File:() Line:(0) "A" (2017-03-26 17:09:43 周日)
Debug: File:() Line:(0) "A" (2017-03-26 17:09:43 周日)
Debug: File:() Line:(0) "A" (2017-03-26 17:09:43 周日)
Debug: File:() Line:(0) "A" (2017-03-26 17:09:44 周日)
Debug: File:() Line:(0) "A" (2017-03-26 17:09:44 周日)
Debug: File:() Line:(0) "A" (2017-03-26 17:09:44 周日)
Debug: File:() Line:(0) "A" (2017-03-26 17:09:44 周日)
Debug: File:() Line:(0) "A" (2017-03-26 17:09:44 周日)
Debug: File:() Line:(0) "A" (2017-03-26 17:09:45 周日)
Debug: File:() Line:(0) "A" (2017-03-26 17:09:45 周日)
Debug: File:() Line:(0) "A" (2017-03-26 17:09:45 周日)
Debug: File:() Line:(0) "A" (2017-03-26 17:09:45 周日)
Debug: File:() Line:(0) "A" (2017-03-26 17:09:45 周日)
Debug: File:() Line:(0) "A" (2017-03-26 17:09:46 周日)
Debug: File:() Line:(0) "A" (2017-03-26 17:09:46 周日)
Debug: File:() Line:(0) "A" (2017-03-26 17:09:46 周日)
Debug: File:() Line:(0) "A" (2017-03-26 17:09:46 周日)
Debug: File:() Line:(0) "A" (2017-03-26 17:09:46 周日)
Debug: File:() Line:(0) "A" (2017-03-26 17:09:47 周日)
Debug: File:() Line:(0) "A" (2017-03-26 17:09:47 周日)
Debug: File:() Line:(0) "A" (2017-03-26 17:09:47 周日)
Debug: File:() Line:(0) "A" (2017-03-26 17:09:47 周日)
Debug: File:() Line:(0) "A" (2017-03-26 17:09:47 周日)
Debug: File:() Line:(0) "A" (2017-03-26 17:09:48 周日)
Debug: File:() Line:(0) "A" (2017-03-26 17:09:48 周日)
Debug: File:() Line:(0) "A" (2017-03-26 17:09:48 周日)
Debug: File:() Line:(0) "A" (2017-03-26 17:09:48 周日)
Debug: File:() Line:(0) "A" (2017-03-26 17:09:48 周日)
Debug: File:() Line:(0) "A" (2017-03-26 17:09:49 周日)
Debug: File:() Line:(0) "A" (2017-03-26 17:09:49 周日)
Debug: File:() Line:(0) "A" (2017-03-26 17:09:49 周日)
Debug: File:() Line:(0) "A" (2017-03-26 17:09:49 周日)
Debug: File:() Line:(0) "A" (2017-03-26 17:09:49 周日)
Debug: File:() Line:(0) "A" (2017-03-26 17:09:50 周日)
Debug: File:() Line:(0) "A" (2017-03-26 17:09:50 周日)
Debug: File:() Line:(0) "A" (2017-03-26 17:09:50 周日)
Debug: File:() Line:(0) "A" (2017-03-26 17:09:50 周日)
Debug: File:() Line:(0) "A" (2017-03-26 17:09:50 周日)
Debug: File:() Line:(0) "A" (2017-03-26 17:09:51 周日)
Debug: File:() Line:(0) "A" (2017-03-26 17:09:51 周日)
Debug: File:() Line:(0) "A" (2017-03-26 17:09:51 周日)
Debug: File:() Line:(0) "A" (2017-03-26 17:09:51 周日)
Debug: File:() Line:(0) "A" (2017-03-26 17:09:51 周日)
Debug: File:() Line:(0) "A" (2017-03-26 17:09:52 周日)
Debug: File:() Line:(0) "A" (2017-03-26 17:09:52 周日)
Debug: File:() Line:(0) "A" (2017-03-26 17:09:52 周日)
Debug: File:() Line:(0) "A" (2017-03-26 17:09:52 周日)
Debug: File:() Line:(0) "A" (2017-03-26 17:09:52 周日)
Debug: File:() Line:(0) "A" (2017-03-26 17:09:53 周日)
Debug: File:() Line:(0) "A" (2017-03-26 17:09:53 周日)
Debug: File:() Line:(0) "A" (2017-03-26 17:09:53 周日)
Debug: File:() Line:(0) "A" (2017-03-26 17:09:53 周日)
Debug: File:() Line:(0) "A" (2017-03-26 17:09:53 周日)
Debug: File:() Line:(0) "A" (2017-03-26 17:09:54 周日)
Debug: File:() Line:(0) "A" (2017-03-26 17:09:54 周日)
Debug: File:() Line:(0) "A" (2017-03-26 17:09:54 周日)
Debug: File:() Line:(0) "A" (2017-03-26 17:09:54 周日)
Debug: File:() Line:(0) "A" (2017-03-26 17:09:54 周日)
Debug: File:() Line:(0) "A" (2017-03-26 17:09:55 周日)
Debug: File:() Line:(0) "A" (2017-03-26 17:09:55 周日)
Debug: File:() Line:(0) "A" (2017-03-26 17:09:55 周日)
Debug: File:() Line:(0) "A" (2017-03-26 17:09:55 周日)
Debug: File:() Line:(0) "A" (2017-03-26 17:09:55 周日)
Debug: File:() Line:(0) "A" (2017-03-26 17:09:56 周日)
Debug: File:() Line:(0) "A" (2017-03-26 17:09:56 周日)
Debug: File:() Line:(0) "A" (2017-03-26 17:09:56 周日)
Debug: File:() Line:(0) "A" (2017-03-26 17:09:56 周日)
Debug: File:() Line:(0) "A" (2017-03-26 17:09:57 周日)
Debug: File:() Line:(0) "A" (2017-03-26 17:09:57 周日)
Debug: File:() Line:(0) "A" (2017-03-26 17:09:57 周日)
Debug: File:() Line:(0) "A" (2017-03-26 17:09:57 周日)
Debug: File:() Line:(0) "A" (2017-03-26 17:09:57 周日)
Debug: File:() Line:(0) "A" (2017-03-26 17:09:58 周日)
Debug: File:() Line:(0) "A" (2017-03-26 17:09:58 周日)
Debug: File:() Line:(0) "A" (2017-03-26 17:09:58 周日)
Debug: File:() Line:(0) "A" (2017-03-26 17:09:58 周日)
Debug: File:() Line:(0) "A" (2017-03-26 17:09:58 周日)
Debug: File:() Line:(0) "A" (2017-03-26 17:09:59 周日)
Debug: File:() Line:(0) "A" (2017-03-26 17:09:59 周日)
Debug: File:() Line:(0) "A" (2017-03-26 17:09:59 周日)
Debug: File:() Line:(0) "A" (2017-03-26 17:09:59 周日)
Debug: File:() Line:(0) "A" (2017-03-26 17:09:59 周日)
Debug: File:() Line:(0) "A" (2017-03-26 17:10:00 周日)
Debug: File:() Line:(0) "A" (2017-03-26 17:10:00 周日)
Debug: File:() Line:(0) "A" (2017-03-26 17:10:00 周日)
Debug: File:() Line:(0) "A" (2017-03-26 17:10:00 周日)
Debug: File:() Line:(0) "A" (2017-03-26 17:10:00 周日)
Debug: File:() Line:(0) "A" (2017-03-26 17:10:01 周日)
Debug: File:() Line:(0) "A" (2017-03-26 17:10:01 周日)
Debug: File:() Line:(0) "A" (2017-03-26 17:10:01 周日)
Debug: File:() Line:(0) "A" (2017-03-26 17:10:01 周日)
Debug: File:() Line:(0) "A" (2017-03-26 17:10:01 周日)
Debug: File:() Line:(0) "A" (2017-03-26 17:10:02 周日)
Debug: File:() Line:(0) "A" (2017-03-26 17:10:02 周日)
Debug: File:() Line:(0) "A" (2017-03-26 17:10:02 周日)
Debug: File:() Line:(0) "A" (2017-03-26 17:10:02 周日)
Debug: File:() Line:(0) "A" (2017-03-26 17:10:02 周日)
Debug: File:() Line:(0) "A" (2017-03-26 17:10:03 周日)
Debug: File:() Line:(0) "A" (2017-03-26 17:10:03 周日)
Debug: File:() Line:(0) "A" (2017-03-26 17:10:03 周日)
Debug: File:() Line:(0) "A" (2017-03-26 17:10:03 周日)
Debug: File:() Line:(0) "A" (2017-03-26 17:10:03 周日)
Debug: File:() Line:(0) "A" (2017-03-26 17:10:04 周日)
Debug: File:() Line:(0) "A" (2017-03-26 17:10:04 周日)
Debug: File:() Line:(0) "A" (2017-03-26 17:10:04 周日)
Debug: File:() Line:(0) "A" (2017-03-26 17:10:04 周日)
Debug: File:() Line:(0) "A" (2017-03-26 17:10:04 周日)
Debug: File:() Line:(0) "A" (2017-03-26 17:10:05 周日)
Debug: File:() Line:(0) "A" (2017-03-26 17:10:05 周日)
Debug: File:() Line:(0) "A" (2017-03-26 17:10:05 周日)
Debug: File:() Line:(0) "A" (2017-03-26 17:10:05 周日)
Debug: File:() Line:(0) "A" (2017-03-26 17:10:05 周日)
Debug: File:() Line:(0) "A" (2017-03-26 17:10:06 周日)
Debug: File:() Line:(0) "A" (2017-03-26 17:10:06 周日)
Debug: File:() Line:(0) "A" (2017-03-26 17:10:06 周日)
Debug: File:() Line:(0) "A" (2017-03-26 17:10:06 周日)
Debug: File:() Line:(0) "A" (2017-03-26 17:10:06 周日)
Debug: File:() Line:(0) "A" (2017-03-26 17:10:07 周日)
Debug: File:() Line:(0) "A" (2017-03-26 17:10:07 周日)
Debug: File:() Line:(0) "A" (2017-03-26 17:10:07 周日)
Debug: File:() Line:(0) "A" (2017-03-26 17:10:07 周日)
Debug: File:() Line:(0) "A" (2017-03-26 17:10:07 周日)
Debug: File:() Line:(0) "A" (2017-03-26 17:10:08 周日)
Debug: File:() Line:(0) "A" (2017-03-26 17:10:08 周日)
Debug: File:() Line:(0) "A" (2017-03-26 17:10:08 周日)
Debug: File:() Line:(0) "A" (2017-03-26 17:10:08 周日)
Debug: File:() Line:(0) "A" (2017-03-26 17:10:08 周日)
Debug: File:() Line:(0) "A" (2017-03-26 17:10:09 周日)
Debug: File:() Line:(0) "A" (2017-03-26 17:10:09 周日)
Debug: File:() Line:(0) "A" (2017-03-26 17:10:09 周日)
Debug: File:() Line:(0) "A" (2017-03-26 17:10:09 周日)
Debug: File:() Line:(0) "A" (2017-03-26 17:10:09 周日)
Debug: File:() Line:(0) "A" (2017-03-26 17:10:10 周日)
Debug: File:() Line:(0) "A" (2017-03-26 17:10:10 周日)
Debug: File:() Line:(0) "A" (2017-03-26 17:10:10 周日)
Debug: File:() Line:(0) "A" (2017-03-26 17:10:10 周日)
Debug: File:() Line:(0) "A" (2017-03-26 17:10:10 周日)
Debug: File:() Line:(0) "A" (2017-03-26 17:10:11 周日)
Debug: File:() Line:(0) "A" (2017-03-26 17:10:11 周日)
Debug: File:() Line:(0) "A" (2017-03-26 17:10:11 周日)
Debug: File:() Line:(0) "A" (2017-03-26 17:10:11 周日)
Debug: File:() Line:(0) "A" (2017-03-26 17:10:11 周日)
Debug: File:() Line:(0) "A" (2017-03-26 17:10:12 周日)
Debug: File:() Line:(0) "A" (2017-03-26 17:10:12 周日)
Debug: File:() Line:(0) "A" (2017-03-26 17:10:12 周日)
Debug: File:() Line:(0) "A" (2017-03-26 17:10:12 周日)
Debug: File:() Line:(0) "A" (2017-03-26 17:10:12 周日)
Debug: File:() Line:(0) "A" (2017-03-26 17:10:13 周日)
Debug: File:() Line:(0) "A" (2017-03-26 17:10:13 周日)
Debug: File:() Line:(0) "A" (2017-03-26 17:10:13 周日)
Debug: File:() Line:(0) "A" (2017-03-26 17:10:13 周日)
Debug: File:() Line:(0) "A" (2017-03-26 17:10:13 周日)
Debug: File:() Line:(0) "A" (2017-03-26 17:10:14 周日)
Debug: File:() Line:(0) "A" (2017-03-26 17:10:14 周日)
Debug: File:() Line:(0) "A" (2017-03-26 17:10:14 周日)
Debug: File:() Line:(0) "A" (2017-03-26 17:10:14 周日)
Debug: File:() Line:(0) "A" (2017-03-26 17:10:14 周日)
Debug: File:() Line:(0) "A" (2017-03-26 17:10:15 周日)
Debug: File:() Line:(0) "A" (2017-03-26 17:10:15 周日)
Debug: File:() Line:(0) "A" (2017-03-26 17:10:15 周日)
Debug: File:() Line:(0) "A" (2017-03-26 17:10:15 周日)
Debug: File:() Line:(0) "A" (2017-03-26 17:10:15 周日)
Debug: File:() Line:(0) "A" (2017-03-26 17:10:16 周日)
Debug: File:() Line:(0) "A" (2017-03-26 17:10:16 周日)
Debug: File:() Line:(0) "A" (2017-03-26 17:10:16 周日)
Debug: File:() Line:(0) "A" (2017-03-26 17:10:16 周日)
Debug: File:() Line:(0) "A" (2017-03-26 17:10:16 周日)
Debug: File:() Line:(0) "A" (2017-03-26 17:10:17 周日)
Debug: File:() Line:(0) "A" (2017-03-26 17:10:17 周日)
Debug: File:() Line:(0) "A" (2017-03-26 17:10:17 周日)
Debug: File:() Line:(0) "A" (2017-03-26 17:10:17 周日)
Debug: File:() Line:(0) "A" (2017-03-26 17:10:17 周日)
Debug: File:() Line:(0) "A" (2017-03-26 17:10:18 周日)
Debug: File:() Line:(0) "A" (2017-03-26 17:10:18 周日)
Debug: File:() Line:(0) "A" (2017-03-26 17:10:18 周日)
Debug: File:() Line:(0) "A" (2017-03-26 17:10:18 周日)
Debug: File:() Line:(0) "A" (2017-03-26 17:10:18 周日)
Debug: File:() Line:(0) "A" (2017-03-26 17:10:19 周日)
Debug: File:() Line:(0) "A" (2017-03-26 17:10:19 周日)
Debug: File:() Line:(0) "A" (2017-03-26 17:10:19 周日)
Debug: File:() Line:(0) "A" (2017-03-26 17:10:19 周日)
Debug: File:() Line:(0) "A" (2017-03-26 17:10:19 周日)
Debug: File:() Line:(0) "A" (2017-03-26 17:10:20 周日)
Debug: File:() Line:(0) "A" (2017-03-26 17:10:20 周日)
Debug: File:() Line:(0) "A" (2017-03-26 17:10:20 周日)
Debug: File:() Line:(0) "A" (2017-03-26 17:10:20 周日)
Debug: File:() Line:(0) "A" (2017-03-26 17:10:21 周日)
Debug: File:() Line:(0) "A" (2017-03-26 17:10:21 周日)
Debug: File:() Line:(0) "A" (2017-03-26 17:10:21 周日)
Debug: File:() Line:(0) "A" (2017-03-26 17:10:21 周日)
Debug: File:() Line:(0) "A" (2017-03-26 17:10:21 周日)
Debug: File:() Line:(0) "A" (2017-03-26 17:10:22 周日)
Debug: File:() Line:(0) "A" (2017-03-26 17:10:22 周日)
Debug: File:() Line:(0) "A" (2017-03-26 17:10:22 周日)
Debug: File:() Line:(0) "A" (2017-03-26 17:10:22 周日)
Debug: File:() Line:(0) "A" (2017-03-26 17:10:22 周日)
Debug: File:() Line:(0) "A" (2017-03-26 17:10:23 周日)
Debug: File:() Line:(0) "A" (2017-03-26 17:10:23 周日)
Debug: File:() Line:(0) "A" (2017-03-26 17:10:23 周日)
Debug: File:() Line:(0) "A" (2017-03-26 17:10:23 周日)
Debug: File:() Line:(0) "A" (2017-03-26 17:10:23 周日)
Debug: File:() Line:(0) "A" (2017-03-26 17:10:24 周日)
Debug: File:() Line:(0) "A" (2017-03-26 17:10:24 周日)
Debug: File:() Line:(0) "A" (2017-03-26 17:10:24 周日)
Debug: File:() Line:(0) "A" (2017-03-26 17:10:24 周日)
Debug: File:() Line:(0) "A" (2017-03-26 17:10:24 周日)
Debug: File:() Line:(0) "A" (2017-03-26 17:10:25 周日)
Debug: File:() Line:(0) "A" (2017-03-26 17:10:25 周日)
Debug: File:() Line:(0) "A" (2017-03-26 17:10:25 周日)
Debug: File:() Line:(0) "A" (2017-03-26 17:10:25 周日)
Debug: File:() Line:(0) "A" (2017-03-26 17:10:25 周日)
Debug: File:() Line:(0) "A" (2017-03-26 17:10:26 周日)
Debug: File:() Line:(0) "A" (2017-03-26 17:10:26 周日)
Debug: File:() Line:(0) "A" (2017-03-26 17:10:26 周日)
Debug: File:() Line:(0) "A" (2017-03-26 17:10:26 周日)
Debug: File:() Line:(0) "A" (2017-03-26 17:10:26 周日)
Debug: File:() Line:(0) "A" (2017-03-26 17:10:27 周日)
Debug: File:() Line:(0) "A" (2017-03-26 17:10:27 周日)
Debug: File:() Line:(0) "A" (2017-03-26 17:10:27 周日)
Debug: File:() Line:(0) "A" (2017-03-26 17:10:27 周日)
Debug: File:() Line:(0) "A" (2017-03-26 17:10:27 周日)
Debug: File:() Line:(0) "A" (2017-03-26 17:10:28 周日)
Debug: File:() Line:(0) "A" (2017-03-26 17:10:28 周日)
Debug: File:() Line:(0) "A" (2017-03-26 17:10:28 周日)
Debug: File:() Line:(0) "A" (2017-03-26 17:10:28 周日)
Debug: File:() Line:(0) "A" (2017-03-26 17:10:28 周日)
Debug: File:() Line:(0) "A" (2017-03-26 17:10:29 周日)
Debug: File:() Line:(0) "A" (2017-03-26 17:10:29 周日)
Debug: File:() Line:(0) "A" (2017-03-26 17:10:29 周日)
Debug: File:() Line:(0) "A" (2017-03-26 17:10:29 周日)
Debug: File:() Line:(0) "A" (2017-03-26 17:10:29 周日)
Debug: File:() Line:(0) "A" (2017-03-26 17:10:30 周日)
Debug: File:() Line:(0) "A" (2017-03-26 17:10:30 周日)
Debug: File:() Line:(0) "A" (2017-03-26 17:10:30 周日)
Debug: File:() Line:(0) "A" (2017-03-26 17:10:30 周日)
Debug: File:() Line:(0) "A" (2017-03-26 17:10:30 周日)
Debug: File:() Line:(0) "A" (2017-03-26 17:10:31 周日)
Debug: File:() Line:(0) "A" (2017-03-26 17:10:31 周日)
Debug: File:() Line:(0) "A" (2017-03-26 17:10:31 周日)
Debug: File:() Line:(0) "A" (2017-03-26 17:10:31 周日)
Debug: File:() Line:(0) "A" (2017-03-26 17:10:31 周日)
Debug: File:() Line:(0) "A" (2017-03-26 17:10:32 周日)
Debug: File:() Line:(0) "A" (2017-03-26 17:10:32 周日)
Debug: File:() Line:(0) "A" (2017-03-26 17:10:32 周日)
Debug: File:() Line:(0) "A" (2017-03-26 17:10:32 周日)
Debug: File:() Line:(0) "A" (2017-03-26 17:10:33 周日)
Debug: File:() Line:(0) "A" (2017-03-26 17:10:33 周日)
Debug: File:() Line:(0) "A" (2017-03-26 17:10:33 周日)
Debug: File:() Line:(0) "A" (2017-03-26 17:10:33 周日)
Debug: File:() Line:(0) "A" (2017-03-26 17:10:33 周日)
Debug: File:() Line:(0) "A" (2017-03-26 17:10:34 周日)
Debug: File:() Line:(0) "A" (2017-03-26 17:10:34 周日)
Debug: File:() Line:(0) "A" (2017-03-26 17:10:34 周日)
Debug: File:() Line:(0) "A" (2017-03-26 17:10:34 周日)
Debug: File:() Line:(0) "A" (2017-03-26 17:10:34 周日)
Debug: File:() Line:(0) "A" (2017-03-26 17:10:35 周日)
Debug: File:() Line:(0) "A" (2017-03-26 17:10:35 周日)
Debug: File:() Line:(0) "A" (2017-03-26 17:10:35 周日)
Debug: File:() Line:(0) "A" (2017-03-26 17:10:35 周日)
Debug: File:() Line:(0) "A" (2017-03-26 17:10:35 周日)
Debug: File:() Line:(0) "A" (2017-03-26 17:10:36 周日)
Debug: File:() Line:(0) "A" (2017-03-26 17:10:36 周日)
Debug: File:() Line:(0) "A" (2017-03-26 17:10:36 周日)
Debug: File:() Line:(0) "A" (2017-03-26 17:10:36 周日)
Debug: File:() Line:(0) "A" (2017-03-26 17:10:36 周日)
Debug: File:() Line:(0) "A" (2017-03-26 17:10:37 周日)
Debug: File:() Line:(0) "A" (2017-03-26 17:10:37 周日)
Debug: File:() Line:(0) "A" (2017-03-26 17:10:37 周日)
Debug: File:() Line:(0) "A" (2017-03-26 17:10:37 周日)
Debug: File:() Line:(0) "A" (2017-03-26 17:10:37 周日)
Debug: File:() Line:(0) "A" (2017-03-26 17:10:38 周日)
Debug: File:() Line:(0) "A" (2017-03-26 17:10:38 周日)
Debug: File:() Line:(0) "A" (2017-03-26 17:10:38 周日)
Debug: File:() Line:(0) "A" (2017-03-26 17:10:38 周日)
Debug: File:() Line:(0) "A" (2017-03-26 17:10:38 周日)
Debug: File:() Line:(0) "A" (2017-03-26 17:10:39 周日)
Debug: File:() Line:(0) "A" (2017-03-26 17:10:39 周日)
Debug: File:() Line:(0) "A" (2017-03-26 17:10:39 周日)
Debug: File:() Line:(0) "A" (2017-03-26 17:10:39 周日)
Debug: File:() Line:(0) "A" (2017-03-26 17:10:39 周日)
Debug: File:() Line:(0) "A" (2017-03-26 17:10:40 周日)
Debug: File:() Line:(0) "A" (2017-03-26 17:10:40 周日)
Debug: File:() Line:(0) "A" (2017-03-26 17:10:40 周日)
Debug: File:() Line:(0) "A" (2017-03-26 17:10:40 周日)
Debug: File:() Line:(0) "A" (2017-03-26 17:10:40 周日)
Debug: File:() Line:(0) "A" (2017-03-26 17:10:41 周日)
Debug: File:() Line:(0) "A" (2017-03-26 17:10:41 周日)
Debug: File:() Line:(0) "A" (2017-03-26 17:10:41 周日)
Debug: File:() Line:(0) "A" (2017-03-26 17:10:41 周日)
Debug: File:() Line:(0) "A" (2017-03-26 17:10:41 周日)
Debug: File:() Line:(0) "A" (2017-03-26 17:10:42 周日)
Debug: File:() Line:(0) "A" (2017-03-26 17:10:42 周日)
Debug: File:() Line:(0) "A" (2017-03-26 17:10:42 周日)
Debug: File:() Line:(0) "A" (2017-03-26 17:10:42 周日)
Debug: File:() Line:(0) "A" (2017-03-26 17:10:42 周日)
Debug: File:() Line:(0) "A" (2017-03-26 17:10:43 周日)
Debug: File:() Line:(0) "A" (2017-03-26 17:10:43 周日)
Debug: File:() Line:(0) "A" (2017-03-26 17:10:43 周日)
Debug: File:() Line:(0) "A" (2017-03-26 17:10:43 周日)
Debug: File:() Line:(0) "A" (2017-03-26 17:10:43 周日)
Debug: File:() Line:(0) "A" (2017-03-26 17:10:44 周日)
Debug: File:() Line:(0) "A" (2017-03-26 17:10:44 周日)
Debug: File:() Line:(0) "A" (2017-03-26 17:10:44 周日)
Debug: File:() Line:(0) "A" (2017-03-26 17:10:44 周日)
Debug: File:() Line:(0) "A" (2017-03-26 17:10:44 周日)
Debug: File:() Line:(0) "A" (2017-03-26 17:10:45 周日)
Debug: File:() Line:(0) "A" (2017-03-26 17:10:45 周日)
Debug: File:() Line:(0) "A" (2017-03-26 17:10:45 周日)
Debug: File:() Line:(0) "A" (2017-03-26 17:10:45 周日)
Debug: File:() Line:(0) "A" (2017-03-26 17:10:45 周日)
Debug: File:() Line:(0) "A" (2017-03-26 17:10:46 周日)
Debug: File:() Line:(0) "A" (2017-03-26 17:10:46 周日)
Debug: File:() Line:(0) "A" (2017-03-26 17:10:46 周日)
Debug: File:() Line:(0) "A" (2017-03-26 17:10:46 周日)
Debug: File:() Line:(0) "A" (2017-03-26 17:10:46 周日)
Debug: File:() Line:(0) "A" (2017-03-26 17:10:47 周日)
Debug: File:() Line:(0) "A" (2017-03-26 17:10:47 周日)
Debug: File:() Line:(0) "A" (2017-03-26 17:10:47 周日)
Debug: File:() Line:(0) "A" (2017-03-26 17:10:47 周日)
Debug: File:() Line:(0) "A" (2017-03-26 17:10:47 周日)
Debug: File:() Line:(0) "A" (2017-03-26 17:10:48 周日)
Debug: File:() Line:(0) "A" (2017-03-26 17:10:48 周日)
Debug: File:() Line:(0) "A" (2017-03-26 17:10:48 周日)
Debug: File:() Line:(0) "A" (2017-03-26 17:10:48 周日)
Debug: File:() Line:(0) "A" (2017-03-26 17:10:48 周日)
Debug: File:() Line:(0) "A" (2017-03-26 17:10:49 周日)
Debug: File:() Line:(0) "A" (2017-03-26 17:10:49 周日)
Debug: File:() Line:(0) "A" (2017-03-26 17:10:49 周日)
Debug: File:() Line:(0) "A" (2017-03-26 17:10:49 周日)
Debug: File:() Line:(0) "A" (2017-03-26 17:10:49 周日)
Debug: File:() Line:(0) "A" (2017-03-26 17:10:50 周日)
Debug: File:() Line:(0) "A" (2017-03-26 17:10:50 周日)
Debug: File:() Line:(0) "A" (2017-03-26 17:10:50 周日)
Debug: File:() Line:(0) "A" (2017-03-26 17:10:50 周日)
Debug: File:() Line:(0) "A" (2017-03-26 17:10:51 周日)
Debug: File:() Line:(0) "A" (2017-03-26 17:10:51 周日)
Debug: File:() Line:(0) "A" (2017-03-26 17:10:51 周日)
Debug: File:() Line:(0) "A" (2017-03-26 17:10:51 周日)
Debug: File:() Line:(0) "A" (2017-03-26 17:10:51 周日)
Debug: File:() Line:(0) "A" (2017-03-26 17:10:52 周日)
Debug: File:() Line:(0) "A" (2017-03-26 17:10:52 周日)
Debug: File:() Line:(0) "A" (2017-03-26 17:10:52 周日)
Debug: File:() Line:(0) "A" (2017-03-26 17:10:52 周日)
Debug: File:() Line:(0) "A" (2017-03-26 17:10:52 周日)
Debug: File:() Line:(0) "A" (2017-03-26 17:10:53 周日)
Debug: File:() Line:(0) "A" (2017-03-26 17:10:53 周日)
Debug: File:() Line:(0) "A" (2017-03-26 17:10:53 周日)
Debug: File:() Line:(0) "A" (2017-03-26 17:10:53 周日)
Debug: File:() Line:(0) "A" (2017-03-26 17:10:53 周日)
Debug: File:() Line:(0) "A" (2017-03-26 17:10:54 周日)
Debug: File:() Line:(0) "A" (2017-03-26 17:10:54 周日)
Debug: File:() Line:(0) "A" (2017-03-26 17:10:54 周日)
Debug: File:() Line:(0) "A" (2017-03-26 17:10:54 周日)
Debug: File:() Line:(0) "A" (2017-03-26 17:10:54 周日)
Debug: File:() Line:(0) "A" (2017-03-26 17:10:55 周日)
Debug: File:() Line:(0) "A" (2017-03-26 17:10:55 周日)
Debug: File:() Line:(0) "A" (2017-03-26 17:10:55 周日)
Debug: File:() Line:(0) "A" (2017-03-26 17:10:55 周日)
Debug: File:() Line:(0) "A" (2017-03-26 17:10:55 周日)
Debug: File:() Line:(0) "A" (2017-03-26 17:10:56 周日)
Debug: File:() Line:(0) "A" (2017-03-26 17:10:56 周日)
Debug: File:() Line:(0) "A" (2017-03-26 17:10:56 周日)
Debug: File:() Line:(0) "A" (2017-03-26 17:10:56 周日)
Debug: File:() Line:(0) "A" (2017-03-26 17:10:56 周日)
Debug: File:() Line:(0) "A" (2017-03-26 17:10:57 周日)
Debug: File:() Line:(0) "A" (2017-03-26 17:10:57 周日)
Debug: File:() Line:(0) "A" (2017-03-26 17:10:57 周日)
Debug: File:() Line:(0) "A" (2017-03-26 17:10:57 周日)
Debug: File:() Line:(0) "A" (2017-03-26 17:10:57 周日)
Debug: File:() Line:(0) "A" (2017-03-26 17:10:58 周日)
Debug: File:() Line:(0) "A" (2017-03-26 17:10:58 周日)
Debug: File:() Line:(0) "A" (2017-03-26 17:10:58 周日)
Debug: File:() Line:(0) "A" (2017-03-26 17:10:58 周日)
Debug: File:() Line:(0) "A" (2017-03-26 17:10:58 周日)
Debug: File:() Line:(0) "A" (2017-03-26 17:10:59 周日)
Debug: File:() Line:(0) "A" (2017-03-26 17:10:59 周日)
Debug: File:() Line:(0) "A" (2017-03-26 17:10:59 周日)
Debug: File:() Line:(0) "A" (2017-03-26 17:10:59 周日)
Debug: File:() Line:(0) "A" (2017-03-26 17:10:59 周日)
Debug: File:() Line:(0) "A" (2017-03-26 17:11:00 周日)
Debug: File:() Line:(0) "A" (2017-03-26 17:11:00 周日)
Debug: File:() Line:(0) "A" (2017-03-26 17:11:00 周日)
Debug: File:() Line:(0) "A" (2017-03-26 17:11:00 周日)
Debug: File:() Line:(0) "A" (2017-03-26 17:11:01 周日)
Debug: File:() Line:(0) "A" (2017-03-26 17:11:01 周日)
Debug: File:() Line:(0) "A" (2017-03-26 17:11:01 周日)
Debug: File:() Line:(0) "A" (2017-03-26 17:11:01 周日)
Debug: File:() Line:(0) "A" (2017-03-26 17:11:01 周日)
Debug: File:() Line:(0) "A" (2017-03-26 17:11:02 周日)
Debug: File:() Line:(0) "A" (2017-03-26 17:11:02 周日)
Debug: File:() Line:(0) "A" (2017-03-26 17:11:02 周日)
Debug: File:() Line:(0) "A" (2017-03-26 17:11:02 周日)
Debug: File:() Line:(0) "A" (2017-03-26 17:11:02 周日)
Debug: File:() Line:(0) "A" (2017-03-26 17:11:03 周日)
Debug: File:() Line:(0) "A" (2017-03-26 17:11:03 周日)
Debug: File:() Line:(0) "A" (2017-03-26 17:11:03 周日)
Debug: File:() Line:(0) "A" (2017-03-26 17:11:03 周日)
Debug: File:() Line:(0) "A" (2017-03-26 17:11:03 周日)
Debug: File:() Line:(0) "A" (2017-03-26 17:11:04 周日)
Debug: File:() Line:(0) "A" (2017-03-26 17:11:04 周日)
Debug: File:() Line:(0) "A" (2017-03-26 17:11:04 周日)
Debug: File:() Line:(0) "A" (2017-03-26 17:11:04 周日)
Debug: File:() Line:(0) "A" (2017-03-26 17:11:04 周日)
Debug: File:() Line:(0) "A" (2017-03-26 17:11:05 周日)
Debug: File:() Line:(0) "A" (2017-03-26 17:11:05 周日)
Debug: File:() Line:(0) "A" (2017-03-26 17:11:05 周日)
Debug: File:() Line:(0) "A" (2017-03-26 17:11:05 周日)
Debug: File:() Line:(0) "A" (2017-03-26 17:11:05 周日)
Debug: File:() Line:(0) "A" (2017-03-26 17:11:06 周日)
Debug: File:() Line:(0) "A" (2017-03-26 17:11:06 周日)
Debug: File:() Line:(0) "A" (2017-03-26 17:11:06 周日)
Debug: File:() Line:(0) "A" (2017-03-26 17:11:06 周日)
Debug: File:() Line:(0) "A" (2017-03-26 17:11:06 周日)
Debug: File:() Line:(0) "A" (2017-03-26 17:11:07 周日)
Debug: File:() Line:(0) "A" (2017-03-26 17:11:07 周日)
Debug: File:() Line:(0) "A" (2017-03-26 17:11:07 周日)
Debug: File:() Line:(0) "A" (2017-03-26 17:11:07 周日)
Debug: File:() Line:(0) "A" (2017-03-26 17:11:07 周日)
Debug: File:() Line:(0) "A" (2017-03-26 17:11:08 周日)
Debug: File:() Line:(0) "A" (2017-03-26 17:11:08 周日)
Debug: File:() Line:(0) "A" (2017-03-26 17:11:08 周日)
Debug: File:() Line:(0) "A" (2017-03-26 17:11:08 周日)
Debug: File:() Line:(0) "A" (2017-03-26 17:11:08 周日)
Debug: File:() Line:(0) "A" (2017-03-26 17:11:09 周日)
Debug: File:() Line:(0) "A" (2017-03-26 17:11:09 周日)
Debug: File:() Line:(0) "A" (2017-03-26 17:11:09 周日)
Debug: File:() Line:(0) "A" (2017-03-26 17:11:09 周日)
Debug: File:() Line:(0) "A" (2017-03-26 17:11:09 周日)
Debug: File:() Line:(0) "A" (2017-03-26 17:11:10 周日)
Debug: File:() Line:(0) "A" (2017-03-26 17:11:10 周日)
Debug: File:() Line:(0) "A" (2017-03-26 17:11:10 周日)
Debug: File:() Line:(0) "A" (2017-03-26 17:11:10 周日)
Debug: File:() Line:(0) "A" (2017-03-26 17:11:10 周日)
Debug: File:() Line:(0) "A" (2017-03-26 17:11:11 周日)
Debug: File:() Line:(0) "A" (2017-03-26 17:11:11 周日)
Debug: File:() Line:(0) "A" (2017-03-26 17:11:11 周日)
Debug: File:() Line:(0) "A" (2017-03-26 17:11:11 周日)
Debug: File:() Line:(0) "A" (2017-03-26 17:11:11 周日)
Debug: File:() Line:(0) "A" (2017-03-26 17:11:12 周日)
Debug: File:() Line:(0) "A" (2017-03-26 17:11:12 周日)
Debug: File:() Line:(0) "A" (2017-03-26 17:11:12 周日)
Debug: File:() Line:(0) "A" (2017-03-26 17:11:12 周日)
Debug: File:() Line:(0) "A" (2017-03-26 17:11:12 周日)
Debug: File:() Line:(0) "A" (2017-03-26 17:11:13 周日)
Debug: File:() Line:(0) "A" (2017-03-26 17:11:13 周日)
Debug: File:() Line:(0) "A" (2017-03-26 17:11:13 周日)
Debug: File:() Line:(0) "A" (2017-03-26 17:11:13 周日)
Debug: File:() Line:(0) "A" (2017-03-26 17:11:13 周日)
Debug: File:() Line:(0) "A" (2017-03-26 17:11:14 周日)
Debug: File:() Line:(0) "A" (2017-03-26 17:11:14 周日)
Debug: File:() Line:(0) "A" (2017-03-26 17:11:14 周日)
Debug: File:() Line:(0) "A" (2017-03-26 17:11:14 周日)
Debug: File:() Line:(0) "A" (2017-03-26 17:11:15 周日)
Debug: File:() Line:(0) "A" (2017-03-26 17:11:15 周日)
Debug: File:() Line:(0) "A" (2017-03-26 17:11:15 周日)
Debug: File:() Line:(0) "A" (2017-03-26 17:11:15 周日)
Debug: File:() Line:(0) "A" (2017-03-26 17:11:15 周日)
Debug: File:() Line:(0) "A" (2017-03-26 17:11:16 周日)
Debug: File:() Line:(0) "A" (2017-03-26 17:11:16 周日)
Debug: File:() Line:(0) "A" (2017-03-26 17:11:16 周日)
Debug: File:() Line:(0) "A" (2017-03-26 17:11:16 周日)
Debug: File:() Line:(0) "A" (2017-03-26 17:11:16 周日)
Debug: File:() Line:(0) "A" (2017-03-26 17:11:17 周日)
Debug: File:() Line:(0) "A" (2017-03-26 17:11:17 周日)
Debug: File:() Line:(0) "A" (2017-03-26 17:11:17 周日)
Debug: File:() Line:(0) "A" (2017-03-26 17:11:17 周日)
Debug: File:() Line:(0) "A" (2017-03-26 17:11:17 周日)
Debug: File:() Line:(0) "A" (2017-03-26 17:11:18 周日)
Debug: File:() Line:(0) "A" (2017-03-26 17:11:18 周日)
Debug: File:() Line:(0) "A" (2017-03-26 17:11:18 周日)
Debug: File:() Line:(0) "A" (2017-03-26 17:11:18 周日)
Debug: File:() Line:(0) "A" (2017-03-26 17:11:18 周日)
Debug: File:() Line:(0) "A" (2017-03-26 17:11:19 周日)
Debug: File:() Line:(0) "A" (2017-03-26 17:11:19 周日)
Debug: File:() Line:(0) "A" (2017-03-26 17:11:19 周日)
Debug: File:() Line:(0) "A" (2017-03-26 17:11:19 周日)
Debug: File:() Line:(0) "A" (2017-03-26 17:11:19 周日)
Debug: File:() Line:(0) "A" (2017-03-26 17:11:20 周日)
Debug: File:() Line:(0) "A" (2017-03-26 17:11:20 周日)
Debug: File:() Line:(0) "A" (2017-03-26 17:11:20 周日)
Debug: File:() Line:(0) "A" (2017-03-26 17:11:20 周日)
Debug: File:() Line:(0) "A" (2017-03-26 17:11:20 周日)
Debug: File:() Line:(0) "A" (2017-03-26 17:11:21 周日)
Debug: File:() Line:(0) "A" (2017-03-26 17:11:21 周日)
Debug: File:() Line:(0) "A" (2017-03-26 17:11:21 周日)
Debug: File:() Line:(0) "A" (2017-03-26 17:11:21 周日)
Debug: File:() Line:(0) "A" (2017-03-26 17:11:21 周日)
Debug: File:() Line:(0) "A" (2017-03-26 17:11:22 周日)
Debug: File:() Line:(0) "A" (2017-03-26 17:11:22 周日)
Debug: File:() Line:(0) "A" (2017-03-26 17:11:22 周日)
Debug: File:() Line:(0) "A" (2017-03-26 17:11:22 周日)
Debug: File:() Line:(0) "A" (2017-03-26 17:11:22 周日)
Debug: File:() Line:(0) "A" (2017-03-26 17:11:23 周日)
Debug: File:() Line:(0) "A" (2017-03-26 17:11:23 周日)
Debug: File:() Line:(0) "A" (2017-03-26 17:11:23 周日)
Debug: File:() Line:(0) "A" (2017-03-26 17:11:23 周日)
Debug: File:() Line:(0) "A" (2017-03-26 17:11:23 周日)
Debug: File:() Line:(0) "A" (2017-03-26 17:11:24 周日)
Debug: File:() Line:(0) "A" (2017-03-26 17:11:24 周日)
Debug: File:() Line:(0) "A" (2017-03-26 17:11:24 周日)
Debug: File:() Line:(0) "A" (2017-03-26 17:11:24 周日)
Debug: File:() Line:(0) "A" (2017-03-26 17:11:24 周日)
Debug: File:() Line:(0) "A" (2017-03-26 17:11:25 周日)
Debug: File:() Line:(0) "A" (2017-03-26 17:11:25 周日)
Debug: File:() Line:(0) "A" (2017-03-26 17:11:25 周日)
Debug: File:() Line:(0) "A" (2017-03-26 17:11:25 周日)
Debug: File:() Line:(0) "A" (2017-03-26 17:11:25 周日)
Debug: File:() Line:(0) "A" (2017-03-26 17:11:26 周日)
Debug: File:() Line:(0) "A" (2017-03-26 17:11:26 周日)
Debug: File:() Line:(0) "A" (2017-03-26 17:11:26 周日)
Debug: File:() Line:(0) "A" (2017-03-26 17:11:26 周日)
Debug: File:() Line:(0) "A" (2017-03-26 17:11:26 周日)
Debug: File:() Line:(0) "A" (2017-03-26 17:11:27 周日)
Debug: File:() Line:(0) "A" (2017-03-26 17:11:27 周日)
Debug: File:() Line:(0) "A" (2017-03-26 17:11:27 周日)
Debug: File:() Line:(0) "A" (2017-03-26 17:11:27 周日)
Debug: File:() Line:(0) "A" (2017-03-26 17:11:27 周日)
Debug: File:() Line:(0) "A" (2017-03-26 17:11:28 周日)
Debug: File:() Line:(0) "A" (2017-03-26 17:11:28 周日)
Debug: File:() Line:(0) "A" (2017-03-26 17:11:28 周日)
Debug: File:() Line:(0) "A" (2017-03-26 17:11:28 周日)
Debug: File:() Line:(0) "A" (2017-03-26 17:11:28 周日)
Debug: File:() Line:(0) "A" (2017-03-26 17:11:29 周日)
Debug: File:() Line:(0) "A" (2017-03-26 17:11:29 周日)
Debug: File:() Line:(0) "A" (2017-03-26 17:11:29 周日)
Debug: File:() Line:(0) "A" (2017-03-26 17:11:29 周日)
Debug: File:() Line:(0) "A" (2017-03-26 17:11:29 周日)
Debug: File:() Line:(0) "A" (2017-03-26 17:11:30 周日)
Debug: File:() Line:(0) "A" (2017-03-26 17:11:30 周日)
Debug: File:() Line:(0) "A" (2017-03-26 17:11:30 周日)
Debug: File:() Line:(0) "A" (2017-03-26 17:11:30 周日)
Debug: File:() Line:(0) "A" (2017-03-26 17:11:30 周日)
Debug: File:() Line:(0) "A" (2017-03-26 17:11:31 周日)
Debug: File:() Line:(0) "A" (2017-03-26 17:11:31 周日)
Debug: File:() Line:(0) "A" (2017-03-26 17:11:31 周日)
Debug: File:() Line:(0) "A" (2017-03-26 17:11:31 周日)
Debug: File:() Line:(0) "A" (2017-03-26 17:11:31 周日)
Debug: File:() Line:(0) "A" (2017-03-26 17:11:32 周日)
Debug: File:() Line:(0) "A" (2017-03-26 17:11:32 周日)
Debug: File:() Line:(0) "A" (2017-03-26 17:11:32 周日)
Debug: File:() Line:(0) "A" (2017-03-26 17:11:32 周日)
Debug: File:() Line:(0) "A" (2017-03-26 17:11:32 周日)
Debug: File:() Line:(0) "A" (2017-03-26 17:11:33 周日)
Debug: File:() Line:(0) "A" (2017-03-26 17:11:33 周日)
Debug: File:() Line:(0) "A" (2017-03-26 17:11:33 周日)
Debug: File:() Line:(0) "A" (2017-03-26 17:11:33 周日)
Debug: File:() Line:(0) "A" (2017-03-26 17:11:33 周日)
Debug: File:() Line:(0) "A" (2017-03-26 17:11:34 周日)
Debug: File:() Line:(0) "A" (2017-03-26 17:11:34 周日)
Debug: File:() Line:(0) "A" (2017-03-26 17:11:34 周日)
Debug: File:() Line:(0) "A" (2017-03-26 17:11:34 周日)
Debug: File:() Line:(0) "A" (2017-03-26 17:11:35 周日)
Debug: File:() Line:(0) "A" (2017-03-26 17:11:35 周日)
Debug: File:() Line:(0) "A" (2017-03-26 17:11:35 周日)
Debug: File:() Line:(0) "A" (2017-03-26 17:11:35 周日)
Debug: File:() Line:(0) "A" (2017-03-26 17:11:35 周日)
Debug: File:() Line:(0) "A" (2017-03-26 17:11:36 周日)
Debug: File:() Line:(0) "A" (2017-03-26 17:11:36 周日)
Debug: File:() Line:(0) "A" (2017-03-26 17:11:36 周日)
Debug: File:() Line:(0) "A" (2017-03-26 17:11:36 周日)
Debug: File:() Line:(0) "A" (2017-03-26 17:11:36 周日)
Debug: File:() Line:(0) "A" (2017-03-26 17:11:37 周日)
Debug: File:() Line:(0) "A" (2017-03-26 17:11:37 周日)
Debug: File:() Line:(0) "A" (2017-03-26 17:11:37 周日)
Debug: File:() Line:(0) "A" (2017-03-26 17:11:37 周日)
Debug: File:() Line:(0) "A" (2017-03-26 17:11:37 周日)
Debug: File:() Line:(0) "A" (2017-03-26 17:11:38 周日)
Debug: File:() Line:(0) "A" (2017-03-26 17:11:38 周日)
Debug: File:() Line:(0) "A" (2017-03-26 17:11:38 周日)
Debug: File:() Line:(0) "A" (2017-03-26 17:11:38 周日)
Debug: File:() Line:(0) "A" (2017-03-26 17:11:38 周日)
Debug: File:() Line:(0) "A" (2017-03-26 17:11:39 周日)
Debug: File:() Line:(0) "A" (2017-03-26 17:11:39 周日)
Debug: File:() Line:(0) "A" (2017-03-26 17:11:39 周日)
Debug: File:() Line:(0) "A" (2017-03-26 17:11:39 周日)
Debug: File:() Line:(0) "A" (2017-03-26 17:11:39 周日)
Debug: File:() Line:(0) "A" (2017-03-26 17:11:40 周日)
Debug: File:() Line:(0) "A" (2017-03-26 17:11:40 周日)
Debug: File:() Line:(0) "A" (2017-03-26 17:11:40 周日)
Debug: File:() Line:(0) "A" (2017-03-26 17:11:40 周日)
Debug: File:() Line:(0) "A" (2017-03-26 17:11:40 周日)
Debug: File:() Line:(0) "A" (2017-03-26 17:11:41 周日)
Debug: File:() Line:(0) "A" (2017-03-26 17:11:41 周日)
Debug: File:() Line:(0) "A" (2017-03-26 17:11:41 周日)
Debug: File:() Line:(0) "A" (2017-03-26 17:11:41 周日)
Debug: File:() Line:(0) "A" (2017-03-26 17:11:41 周日)
Debug: File:() Line:(0) "A" (2017-03-26 17:11:42 周日)
Debug: File:() Line:(0) "A" (2017-03-26 17:11:42 周日)
Debug: File:() Line:(0) "A" (2017-03-26 17:11:42 周日)
Debug: File:() Line:(0) "A" (2017-03-26 17:11:42 周日)
Debug: File:() Line:(0) "A" (2017-03-26 17:11:42 周日)
Debug: File:() Line:(0) "A" (2017-03-26 17:11:43 周日)
Debug: File:() Line:(0) "A" (2017-03-26 17:11:43 周日)
Debug: File:() Line:(0) "A" (2017-03-26 17:11:43 周日)
Debug: File:() Line:(0) "A" (2017-03-26 17:11:43 周日)
Debug: File:() Line:(0) "A" (2017-03-26 17:11:43 周日)
Debug: File:() Line:(0) "A" (2017-03-26 17:11:44 周日)
Debug: File:() Line:(0) "A" (2017-03-26 17:11:44 周日)
Debug: File:() Line:(0) "A" (2017-03-26 17:11:44 周日)
Debug: File:() Line:(0) "A" (2017-03-26 17:11:44 周日)
Debug: File:() Line:(0) "A" (2017-03-26 17:11:44 周日)
Debug: File:() Line:(0) "A" (2017-03-26 17:11:45 周日)
Debug: File:() Line:(0) "A" (2017-03-26 17:11:45 周日)
Debug: File:() Line:(0) "A" (2017-03-26 17:11:45 周日)
Debug: File:() Line:(0) "A" (2017-03-26 17:11:45 周日)
Debug: File:() Line:(0) "A" (2017-03-26 17:11:45 周日)
Debug: File:() Line:(0) "A" (2017-03-26 17:11:46 周日)
Debug: File:() Line:(0) "A" (2017-03-26 17:11:46 周日)
Debug: File:() Line:(0) "A" (2017-03-26 17:11:46 周日)
Debug: File:() Line:(0) "A" (2017-03-26 17:11:46 周日)
Debug: File:() Line:(0) "A" (2017-03-26 17:11:46 周日)
Debug: File:() Line:(0) "A" (2017-03-26 17:11:47 周日)
Debug: File:() Line:(0) "A" (2017-03-26 17:11:47 周日)
Debug: File:() Line:(0) "A" (2017-03-26 17:11:47 周日)
Debug: File:() Line:(0) "A" (2017-03-26 17:11:47 周日)
Debug: File:() Line:(0) "A" (2017-03-26 17:11:47 周日)
Debug: File:() Line:(0) "A" (2017-03-26 17:11:48 周日)
Debug: File:() Line:(0) "A" (2017-03-26 17:11:48 周日)
Debug: File:() Line:(0) "A" (2017-03-26 17:11:48 周日)
Debug: File:() Line:(0) "A" (2017-03-26 17:11:48 周日)
Debug: File:() Line:(0) "A" (2017-03-26 17:11:48 周日)
Debug: File:() Line:(0) "A" (2017-03-26 17:11:49 周日)
Debug: File:() Line:(0) "A" (2017-03-26 17:11:49 周日)
Debug: File:() Line:(0) "A" (2017-03-26 17:11:49 周日)
Debug: File:() Line:(0) "A" (2017-03-26 17:11:49 周日)
Debug: File:() Line:(0) "A" (2017-03-26 17:11:49 周日)
Debug: File:() Line:(0) "A" (2017-03-26 17:11:50 周日)
Debug: File:() Line:(0) "A" (2017-03-26 17:11:50 周日)
Debug: File:() Line:(0) "A" (2017-03-26 17:11:50 周日)
Debug: File:() Line:(0) "A" (2017-03-26 17:11:50 周日)
Debug: File:() Line:(0) "A" (2017-03-26 17:11:50 周日)
Debug: File:() Line:(0) "A" (2017-03-26 17:11:51 周日)
Debug: File:() Line:(0) "A" (2017-03-26 17:11:51 周日)
Debug: File:() Line:(0) "A" (2017-03-26 17:11:51 周日)
Debug: File:() Line:(0) "A" (2017-03-26 17:11:51 周日)
Debug: File:() Line:(0) "A" (2017-03-26 17:11:51 周日)
Debug: File:() Line:(0) "A" (2017-03-26 17:11:52 周日)
Debug: File:() Line:(0) "A" (2017-03-26 17:11:52 周日)
Debug: File:() Line:(0) "A" (2017-03-26 17:11:52 周日)
Debug: File:() Line:(0) "A" (2017-03-26 17:11:52 周日)
Debug: File:() Line:(0) "A" (2017-03-26 17:11:52 周日)
Debug: File:() Line:(0) "A" (2017-03-26 17:11:53 周日)
Debug: File:() Line:(0) "A" (2017-03-26 17:11:53 周日)
Debug: File:() Line:(0) "A" (2017-03-26 17:11:53 周日)
Debug: File:() Line:(0) "A" (2017-03-26 17:11:53 周日)
Debug: File:() Line:(0) "A" (2017-03-26 17:11:53 周日)
Debug: File:() Line:(0) "A" (2017-03-26 17:11:54 周日)
Debug: File:() Line:(0) "A" (2017-03-26 17:11:54 周日)
Debug: File:() Line:(0) "A" (2017-03-26 17:11:54 周日)
Debug: File:() Line:(0) "A" (2017-03-26 17:11:54 周日)
Debug: File:() Line:(0) "A" (2017-03-26 17:11:54 周日)
Debug: File:() Line:(0) "A" (2017-03-26 17:11:55 周日)
Debug: File:() Line:(0) "A" (2017-03-26 17:11:55 周日)
Debug: File:() Line:(0) "A" (2017-03-26 17:11:55 周日)
Debug: File:() Line:(0) "A" (2017-03-26 17:11:55 周日)
Debug: File:() Line:(0) "A" (2017-03-26 17:11:55 周日)
Debug: File:() Line:(0) "A" (2017-03-26 17:11:56 周日)
Debug: File:() Line:(0) "A" (2017-03-26 17:11:56 周日)
Debug: File:() Line:(0) "A" (2017-03-26 17:11:56 周日)
Debug: File:() Line:(0) "A" (2017-03-26 17:11:56 周日)
Debug: File:() Line:(0) "A" (2017-03-26 17:11:56 周日)
Debug: File:() Line:(0) "A" (2017-03-26 17:11:57 周日)
Debug: File:() Line:(0) "A" (2017-03-26 17:11:57 周日)
Debug: File:() Line:(0) "A" (2017-03-26 17:11:57 周日)
Debug: File:() Line:(0) "A" (2017-03-26 17:11:57 周日)
Debug: File:() Line:(0) "A" (2017-03-26 17:11:57 周日)
Debug: File:() Line:(0) "A" (2017-03-26 17:11:58 周日)
Debug: File:() Line:(0) "A" (2017-03-26 17:11:58 周日)
Debug: File:() Line:(0) "A" (2017-03-26 17:11:58 周日)
Debug: File:() Line:(0) "A" (2017-03-26 17:11:58 周日)
Debug: File:() Line:(0) "A" (2017-03-26 17:11:58 周日)
Debug: File:() Line:(0) "A" (2017-03-26 17:11:59 周日)
Debug: File:() Line:(0) "A" (2017-03-26 17:11:59 周日)
Debug: File:() Line:(0) "A" (2017-03-26 17:11:59 周日)
Debug: File:() Line:(0) "A" (2017-03-26 17:11:59 周日)
Debug: File:() Line:(0) "A" (2017-03-26 17:11:59 周日)
Debug: File:() Line:(0) "A" (2017-03-26 17:12:00 周日)
Debug: File:() Line:(0) "A" (2017-03-26 17:12:00 周日)
Debug: File:() Line:(0) "A" (2017-03-26 17:12:00 周日)
Debug: File:() Line:(0) "A" (2017-03-26 17:12:00 周日)
Debug: File:() Line:(0) "A" (2017-03-26 17:12:01 周日)
Debug: File:() Line:(0) "A" (2017-03-26 17:12:01 周日)
Debug: File:() Line:(0) "A" (2017-03-26 17:12:01 周日)
Debug: File:() Line:(0) "A" (2017-03-26 17:12:01 周日)
Debug: File:() Line:(0) "A" (2017-03-26 17:12:01 周日)
Debug: File:() Line:(0) "A" (2017-03-26 17:12:02 周日)
Debug: File:() Line:(0) "A" (2017-03-26 17:12:02 周日)
Debug: File:() Line:(0) "A" (2017-03-26 17:12:02 周日)
Debug: File:() Line:(0) "A" (2017-03-26 17:12:02 周日)
Debug: File:() Line:(0) "A" (2017-03-26 17:12:02 周日)
Debug: File:() Line:(0) "A" (2017-03-26 17:12:03 周日)
Debug: File:() Line:(0) "A" (2017-03-26 17:12:03 周日)
Debug: File:() Line:(0) strHost= "127.0.0.1" (2017-03-26 21:37:01 周日)
Debug: File:() Line:(0) strDbname= "gacdb" (2017-03-26 21:37:01 周日)
Debug: File:() Line:(0) strUsername= "root" (2017-03-26 21:37:01 周日)
Debug: File:() Line:(0) strPasswd= "root" (2017-03-26 21:37:01 周日)
Debug: File:() Line:(0) This is a debug message (2017-03-26 21:37:02 周日)
Debug: File:() Line:(0) Database connection established (2017-03-26 21:37:02 周日)
Warning: File:() Line:(0) QMetaObject::connectSlotsByName: No matching signal for on_testpushButton_clicked() (2017-03-26 21:37:02 周日)
Debug: File:() Line:(0) localip : "192.168.100.102" strCom "com2" baudrate "115200" (2017-03-26 21:37:02 周日)
Debug: File:() Line:(0) strScanjobprogresstimer : "1000" (2017-03-26 21:37:02 周日)
Debug: File:() Line:(0) receive from RFID  "IP" (2017-03-26 21:37:02 周日)
Debug: File:() Line:(0) "select * from student where id = IP" (2017-03-26 21:37:02 周日)
Debug: File:() Line:(0) strHost= "127.0.0.1" (2017-03-26 21:38:09 周日)
Debug: File:() Line:(0) strDbname= "gacdb" (2017-03-26 21:38:09 周日)
Debug: File:() Line:(0) strUsername= "root" (2017-03-26 21:38:09 周日)
Debug: File:() Line:(0) strPasswd= "root" (2017-03-26 21:38:09 周日)
Debug: File:() Line:(0) This is a debug message (2017-03-26 21:38:09 周日)
Debug: File:() Line:(0) Database connection established (2017-03-26 21:38:09 周日)
Warning: File:() Line:(0) QMetaObject::connectSlotsByName: No matching signal for on_testpushButton_clicked() (2017-03-26 21:38:09 周日)
Debug: File:() Line:(0) localip : "192.168.100.102" strCom "com2" baudrate "115200" (2017-03-26 21:38:09 周日)
Debug: File:() Line:(0) strScanjobprogresstimer : "1000" (2017-03-26 21:38:09 周日)
Debug: File:() Line:(0) receive from RFID  "IP" (2017-03-26 21:38:09 周日)
Debug: File:() Line:(0) "select * from student where id = IP" (2017-03-26 21:38:09 周日)
Warning: File:() Line:(0) QIODevice::write (QextSerialPort): device not open (2017-03-26 21:38:14 周日)
Warning: File:() Line:(0) QIODevice::write (QextSerialPort): device not open (2017-03-26 21:38:14 周日)
Debug: File:() Line:(0) "A" (2017-03-26 21:38:18 周日)
Warning: File:() Line:(0) QIODevice::write (QextSerialPort): device not open (2017-03-26 21:38:18 周日)
Warning: File:() Line:(0) QIODevice::write (QextSerialPort): device not open (2017-03-26 21:38:18 周日)
Warning: File:() Line:(0) QIODevice::write (QextSerialPort): device not open (2017-03-26 21:38:18 周日)
Warning: File:() Line:(0) QIODevice::write (QextSerialPort): device not open (2017-03-26 21:38:18 周日)
Debug: File:() Line:(0) receive from RFID  "A70C599999" (2017-03-26 21:38:18 周日)
Debug: File:() Line:(0) "select * from student where id = A70C599999" (2017-03-26 21:38:18 周日)
Debug: File:() Line:(0) receive from RFID  "C28C000001" (2017-03-26 21:38:18 周日)
Debug: File:() Line:(0) "select * from student where id = C28C000001" (2017-03-26 21:38:18 周日)
Debug: File:() Line:(0) "A" (2017-03-26 21:38:18 周日)
Debug: File:() Line:(0) "A" (2017-03-26 21:38:19 周日)
Debug: File:() Line:(0) "A" (2017-03-26 21:38:19 周日)
Debug: File:() Line:(0) "A" (2017-03-26 21:38:19 周日)
Debug: File:() Line:(0) "A" (2017-03-26 21:38:19 周日)
Debug: File:() Line:(0) "A" (2017-03-26 21:38:20 周日)
Debug: File:() Line:(0) "A" (2017-03-26 21:38:20 周日)
Debug: File:() Line:(0) "A" (2017-03-26 21:38:20 周日)
Debug: File:() Line:(0) "A" (2017-03-26 21:38:20 周日)
Debug: File:() Line:(0) "A" (2017-03-26 21:38:20 周日)
Debug: File:() Line:(0) "A" (2017-03-26 21:38:21 周日)
Debug: File:() Line:(0) "A" (2017-03-26 21:38:21 周日)
Debug: File:() Line:(0) "A" (2017-03-26 21:38:21 周日)
Debug: File:() Line:(0) "A" (2017-03-26 21:38:21 周日)
Debug: File:() Line:(0) "A" (2017-03-26 21:38:21 周日)
Debug: File:() Line:(0) "A" (2017-03-26 21:38:22 周日)
Debug: File:() Line:(0) "A" (2017-03-26 21:38:22 周日)
Debug: File:() Line:(0) "A" (2017-03-26 21:38:22 周日)
Debug: File:() Line:(0) "A" (2017-03-26 21:38:22 周日)
Debug: File:() Line:(0) strHost= "127.0.0.1" (2017-03-26 21:45:14 周日)
Debug: File:() Line:(0) strDbname= "gacdb" (2017-03-26 21:45:14 周日)
Debug: File:() Line:(0) strUsername= "root" (2017-03-26 21:45:14 周日)
Debug: File:() Line:(0) strPasswd= "root" (2017-03-26 21:45:14 周日)
Debug: File:() Line:(0) This is a debug message (2017-03-26 21:45:14 周日)
Debug: File:() Line:(0) Database connection established (2017-03-26 21:45:14 周日)
Warning: File:() Line:(0) QMetaObject::connectSlotsByName: No matching signal for on_testpushButton_clicked() (2017-03-26 21:45:14 周日)
Debug: File:() Line:(0) localip : "192.168.100.102" strCom "com2" baudrate "115200" (2017-03-26 21:45:14 周日)
Debug: File:() Line:(0) strScanjobprogresstimer : "1000" (2017-03-26 21:45:14 周日)
Debug: File:() Line:(0) receive from RFID  "IP" (2017-03-26 21:45:14 周日)
Debug: File:() Line:(0) "select * from student where id = IP" (2017-03-26 21:45:14 周日)
Warning: File:() Line:(0) QIODevice::write (QextSerialPort): device not open (2017-03-26 21:45:19 周日)
Warning: File:() Line:(0) QIODevice::write (QextSerialPort): device not open (2017-03-26 21:45:19 周日)
Debug: File:() Line:(0) "A" (2017-03-26 21:45:30 周日)
Warning: File:() Line:(0) QIODevice::write (QextSerialPort): device not open (2017-03-26 21:45:30 周日)
Warning: File:() Line:(0) QIODevice::write (QextSerialPort): device not open (2017-03-26 21:45:30 周日)
Warning: File:() Line:(0) QIODevice::write (QextSerialPort): device not open (2017-03-26 21:45:30 周日)
Warning: File:() Line:(0) QIODevice::write (QextSerialPort): device not open (2017-03-26 21:45:30 周日)
Debug: File:() Line:(0) receive from RFID  "A70C599999" (2017-03-26 21:45:30 周日)
Debug: File:() Line:(0) "select * from student where id = A70C599999" (2017-03-26 21:45:30 周日)
Debug: File:() Line:(0) receive from RFID  "C28C000001" (2017-03-26 21:45:30 周日)
Debug: File:() Line:(0) "select * from student where id = C28C000001" (2017-03-26 21:45:30 周日)
Debug: File:() Line:(0) "A" (2017-03-26 21:45:30 周日)
Debug: File:() Line:(0) "A" (2017-03-26 21:45:30 周日)
Debug: File:() Line:(0) "A" (2017-03-26 21:45:30 周日)
Debug: File:() Line:(0) "A" (2017-03-26 21:45:31 周日)
Debug: File:() Line:(0) "A" (2017-03-26 21:45:31 周日)
Debug: File:() Line:(0) "A" (2017-03-26 21:45:31 周日)
Debug: File:() Line:(0) "A" (2017-03-26 21:45:31 周日)
Debug: File:() Line:(0) "A" (2017-03-26 21:45:31 周日)
Debug: File:() Line:(0) "A" (2017-03-26 21:45:32 周日)
Debug: File:() Line:(0) "A" (2017-03-26 21:45:32 周日)
Debug: File:(..\gac\database/connect.h) Line:(15) strHost= "127.0.0.1" (2017-03-27 20:34:20 周一)
Debug: File:(..\gac\database/connect.h) Line:(17) strDbname= "gacdb" (2017-03-27 20:34:20 周一)
Debug: File:(..\gac\database/connect.h) Line:(20) strUsername= "root" (2017-03-27 20:34:20 周一)
Debug: File:(..\gac\database/connect.h) Line:(22) strPasswd= "root" (2017-03-27 20:34:20 周一)
Warning: File:(kernel\qsqldatabase.cpp) Line:(781) QSqlDatabase: QMYSQL driver not loaded (2017-03-27 20:34:20 周一)
Warning: File:(kernel\qsqldatabase.cpp) Line:(782) QSqlDatabase: available drivers: QSQLITE QMYSQL QMYSQL3 QODBC QODBC3 QPSQL QPSQL7 (2017-03-27 20:34:20 周一)
Debug: File:(..\gac\database/connect.h) Line:(33) This is a debug message (2017-03-27 20:34:20 周一)
Debug: File:(..\gac\database/connect.h) Line:(35) Unable to open database (2017-03-27 20:34:20 周一)
Debug: File:(..\gac\database/connect.h) Line:(15) strHost= "127.0.0.1" (2017-03-27 20:35:22 周一)
Debug: File:(..\gac\database/connect.h) Line:(17) strDbname= "gacdb" (2017-03-27 20:35:22 周一)
Debug: File:(..\gac\database/connect.h) Line:(20) strUsername= "root" (2017-03-27 20:35:22 周一)
Debug: File:(..\gac\database/connect.h) Line:(22) strPasswd= "root" (2017-03-27 20:35:22 周一)
Warning: File:(kernel\qsqldatabase.cpp) Line:(781) QSqlDatabase: QMYSQL driver not loaded (2017-03-27 20:35:22 周一)
Warning: File:(kernel\qsqldatabase.cpp) Line:(782) QSqlDatabase: available drivers: QSQLITE QMYSQL QMYSQL3 QODBC QODBC3 QPSQL QPSQL7 (2017-03-27 20:35:22 周一)
Debug: File:(..\gac\database/connect.h) Line:(33) This is a debug message (2017-03-27 20:35:22 周一)
Debug: File:(..\gac\database/connect.h) Line:(35) Unable to open database (2017-03-27 20:35:22 周一)
Debug: File:(database/connect.h) Line:(15) strHost= "127.0.0.1"  (2017-05-31 17:07:09 Wed)
Debug: File:(database/connect.h) Line:(17) strDbname= "gacdb"  (2017-05-31 17:07:09 Wed)
Debug: File:(database/connect.h) Line:(20) strUsername= "root"  (2017-05-31 17:07:09 Wed)
Debug: File:(database/connect.h) Line:(22) strPasswd= "root"  (2017-05-31 17:07:09 Wed)
Debug: File:(database/connect.h) Line:(35) This is a debug message (2017-05-31 17:07:09 Wed)
Debug: File:(database/connect.h) Line:(40) Database connection established  (2017-05-31 17:07:09 Wed)
Warning: File:(kernel/qobject.cpp) Line:(3395) QMetaObject::connectSlotsByName: No matching signal for on_reset_pushButton_clicked() (2017-05-31 17:07:09 Wed)
Warning: File:(kernel/qobject.cpp) Line:(3395) QMetaObject::connectSlotsByName: No matching signal for on_testpushButton_clicked() (2017-05-31 17:07:09 Wed)
Debug: File:(mainwindow.cpp) Line:(217) localip : "192.168.100.102" strCom "com2" baudrate "115200"  (2017-05-31 17:07:09 Wed)
Debug: File:(mainwindow.cpp) Line:(228) strScanjobprogresstimer : "1000"  (2017-05-31 17:07:09 Wed)
Debug: File:(mainwindow.cpp) Line:(6133) receive from RFID  "A70C599999"  (2017-05-31 17:07:13 Wed)
Debug: File:(mainwindow.cpp) Line:(6090) "select * from student where id = A70C599999"  (2017-05-31 17:07:13 Wed)
Debug: File:(mainwindow.cpp) Line:(6139) receive from RFID  "C28C000001"  (2017-05-31 17:07:13 Wed)
Debug: File:(mainwindow.cpp) Line:(6090) "select * from student where id = C28C000001"  (2017-05-31 17:07:13 Wed)
Warning: File:(io/qiodevice.cpp) Line:(1307) QIODevice::write: device not open (2017-05-31 17:07:15 Wed)
Warning: File:(io/qiodevice.cpp) Line:(1307) QIODevice::write: device not open (2017-05-31 17:07:15 Wed)
